Server running at http://localhost:3000/
[2026-02-20T23:49:45.023Z] GET /
[2026-02-20T23:49:45.063Z] GET /styles.css
[2026-02-20T23:49:45.063Z] GET /sound_manager.js
[2026-02-20T23:49:45.064Z] GET /game.js
[2026-02-20T23:49:45.888Z] GET /assets/hwatu/m01_1.webp
[2026-02-20T23:49:45.894Z] GET /assets/hwatu/m02_1.webp
[2026-02-20T23:49:45.896Z] GET /assets/hwatu/m06_0.webp
[2026-02-20T23:49:45.897Z] GET /assets/hwatu/m06_3.webp
[2026-02-20T23:49:45.905Z] GET /assets/hwatu/m08_0.webp
[2026-02-20T23:49:45.907Z] GET /assets/hwatu/m10_2.webp
[2026-02-20T23:49:45.908Z] GET /assets/hwatu/m11_0.webp
[2026-02-20T23:49:45.920Z] GET /assets/hwatu/m12_1.webp
[2026-02-20T23:49:45.923Z] GET /assets/hwatu/m02_2.webp
[2026-02-20T23:49:45.923Z] GET /assets/hwatu/m03_0.webp
[2026-02-20T23:49:45.936Z] GET /assets/hwatu/m05_1.webp
[2026-02-20T23:49:45.939Z] GET /assets/hwatu/m06_1.webp
[2026-02-20T23:49:45.939Z] GET /assets/hwatu/m07_3.webp
[2026-02-20T23:49:45.944Z] GET /assets/hwatu/m09_2.webp
[2026-02-20T23:49:45.949Z] GET /assets/hwatu/m09_3.webp
[2026-02-20T23:49:45.950Z] GET /assets/hwatu/m11_2.webp
[2026-02-20T23:49:45.951Z] GET /assets/hwatu/bonus_1.webp
[2026-02-20T23:49:45.951Z] GET /assets/hwatu/bonus_2.webp
